Tue Aug 21 15:34:55 2018
myLoadlibrary
Tue Aug 21 15:34:55 2018
myGetSysInfo
Tue Aug 21 15:34:55 2018
drawControl
Tue Aug 21 15:34:55 2018
dealWithCEPI
Tue Aug 21 15:34:55 2018
dealWithCEPI
Tue Aug 21 15:34:55 2018
initControl
Tue Aug 21 15:34:55 2018
myPaintMsg
Tue Aug 21 15:34:56 2018
dealWithCCWI
Tue Aug 21 15:34:56 2018
dealWithCCWI
Tue Aug 21 15:34:56 2018
dealWithCCWI
Tue Aug 21 15:34:56 2018
dealWithCCWI
Tue Aug 21 15:34:56 2018
dealWithCCWI
Tue Aug 21 15:34:57 2018
dealWithCCWI
Tue Aug 21 15:34:57 2018
dealWithCCWI
Tue Aug 21 15:34:57 2018
myWinSockStartup
Tue Aug 21 15:35:00 2018
myWinSockAccept
Tue Aug 21 15:35:00 2018
setControlStat
Tue Aug 21 15:35:29 2018
myWinSockClose
Tue Aug 21 15:35:29 2018
setControlStat
Tue Aug 21 15:35:29 2018
myWinSockClose
Tue Aug 21 15:35:29 2018
setControlStat
Tue Aug 21 15:35:29 2018
dealWithCBCL
Tue Aug 21 15:35:43 2018
myWinSockClose
Tue Aug 21 15:35:43 2018
setControlStat
Tue Aug 21 15:35:43 2018
myWinSockClose
Tue Aug 21 15:35:43 2018
setControlStat
Tue Aug 21 15:35:43 2018
myDestoryMsg
Tue Aug 21 15:36:56 2018
myLoadlibrary
Tue Aug 21 15:36:56 2018
myGetSysInfo
Tue Aug 21 15:36:56 2018
drawControl
Tue Aug 21 15:36:56 2018
dealWithCEPI
Tue Aug 21 15:36:56 2018
dealWithCEPI
Tue Aug 21 15:36:56 2018
initControl
Tue Aug 21 15:36:56 2018
myPaintMsg
Tue Aug 21 15:37:00 2018
dealWithCCWI
Tue Aug 21 15:37:00 2018
dealWithCCWI
Tue Aug 21 15:37:01 2018
dealWithCCWI
Tue Aug 21 15:37:01 2018
dealWithCCWI
Tue Aug 21 15:37:01 2018
dealWithCCWI
Tue Aug 21 15:39:12 2018
dealWithCCWI
Tue Aug 21 15:39:12 2018
dealWithCCWI
Tue Aug 21 15:39:12 2018
myWinSockStartup
Tue Aug 21 15:39:14 2018
myWinSockAccept
Tue Aug 21 15:39:14 2018
setControlStat
Tue Aug 21 15:39:17 2018
myDragFile
Tue Aug 21 15:39:32 2018
myWinSockClose
Tue Aug 21 15:39:32 2018
setControlStat
Tue Aug 21 15:39:32 2018
myWinSockClose
Tue Aug 21 15:39:32 2018
setControlStat
Tue Aug 21 15:39:32 2018
dealWithCBCL
Tue Aug 21 15:39:37 2018
myWinSockClose
Tue Aug 21 15:39:37 2018
setControlStat
Tue Aug 21 15:39:37 2018
myWinSockClose
Tue Aug 21 15:39:37 2018
setControlStat
Tue Aug 21 15:39:37 2018
myDestoryMsg
Tue Aug 21 15:45:37 2018
myLoadlibrary
Tue Aug 21 15:45:37 2018
myGetSysInfo
Tue Aug 21 15:45:37 2018
drawControl
Tue Aug 21 15:45:37 2018
dealWithCEPI
Tue Aug 21 15:45:37 2018
dealWithCEPI
Tue Aug 21 15:45:37 2018
initControl
Tue Aug 21 15:45:37 2018
myPaintMsg
Tue Aug 21 15:45:39 2018
dealWithCCWI
Tue Aug 21 15:45:39 2018
dealWithCCWI
Tue Aug 21 15:45:40 2018
dealWithCCWI
Tue Aug 21 15:45:40 2018
dealWithCCWI
Tue Aug 21 15:45:40 2018
dealWithCCWI
Tue Aug 21 15:46:18 2018
dealWithCCWI
Tue Aug 21 15:46:18 2018
dealWithCCWI
Tue Aug 21 15:46:18 2018
myWinSockStartup
Tue Aug 21 15:46:22 2018
myWinSockAccept
Tue Aug 21 15:46:22 2018
setControlStat
Tue Aug 21 15:46:26 2018
myDragFile
Tue Aug 21 15:47:02 2018
myWinSockClose
Tue Aug 21 15:47:02 2018
setControlStat
Tue Aug 21 15:47:02 2018
myWinSockClose
Tue Aug 21 15:47:02 2018
setControlStat
Tue Aug 21 15:47:02 2018
dealWithCBCL
Tue Aug 21 15:47:04 2018
myWinSockClose
Tue Aug 21 15:47:04 2018
setControlStat
Tue Aug 21 15:47:04 2018
myWinSockClose
Tue Aug 21 15:47:04 2018
setControlStat
Tue Aug 21 15:47:04 2018
myDestoryMsg
Tue Aug 21 16:29:07 2018
myLoadlibrary
Tue Aug 21 16:29:07 2018
myGetSysInfo
Tue Aug 21 16:29:07 2018
drawControl
Tue Aug 21 16:29:07 2018
dealWithCEPI
Tue Aug 21 16:29:07 2018
dealWithCEPI
Tue Aug 21 16:29:07 2018
initControl
Tue Aug 21 16:29:07 2018
myPaintMsg
Tue Aug 21 16:29:09 2018
dealWithCCWI
Tue Aug 21 16:29:09 2018
dealWithCCWI
Tue Aug 21 16:29:09 2018
dealWithCCWI
Tue Aug 21 16:29:09 2018
dealWithCCWI
Tue Aug 21 16:29:09 2018
dealWithCCWI
Tue Aug 21 16:29:38 2018
dealWithCCWI
Tue Aug 21 16:29:38 2018
dealWithCCWI
Tue Aug 21 16:29:38 2018
myWinSockStartup
Tue Aug 21 16:29:42 2018
myWinSockAccept
Tue Aug 21 16:29:42 2018
setControlStat
Tue Aug 21 16:30:05 2018
myWinSockClose
Tue Aug 21 16:30:05 2018
setControlStat
Tue Aug 21 16:30:05 2018
myWinSockClose
Tue Aug 21 16:30:05 2018
setControlStat
Tue Aug 21 16:30:05 2018
dealWithCBCL
Tue Aug 21 16:30:08 2018
myWinSockStartup
Tue Aug 21 16:30:12 2018
myWinSockAccept
Tue Aug 21 16:30:12 2018
setControlStat
Tue Aug 21 16:30:12 2018
myPaintMsg
Tue Aug 21 16:30:20 2018
myDragFile
Tue Aug 21 16:30:36 2018
myWinSockClose
Tue Aug 21 16:30:36 2018
setControlStat
Tue Aug 21 16:30:36 2018
myWinSockClose
Tue Aug 21 16:30:36 2018
setControlStat
Tue Aug 21 16:30:36 2018
dealWithCBCL
Tue Aug 21 16:30:41 2018
myWinSockStartup
Tue Aug 21 16:30:46 2018
myWinSockAccept
Tue Aug 21 16:30:46 2018
setControlStat
Tue Aug 21 16:30:46 2018
myPaintMsg
Tue Aug 21 16:30:52 2018
myDragFile
Tue Aug 21 16:31:41 2018
myWinSockClose
Tue Aug 21 16:31:41 2018
setControlStat
Tue Aug 21 16:31:41 2018
myWinSockClose
Tue Aug 21 16:31:41 2018
setControlStat
Tue Aug 21 16:31:41 2018
dealWithCBCL
Tue Aug 21 16:31:42 2018
myWinSockClose
Tue Aug 21 16:31:42 2018
setControlStat
Tue Aug 21 16:31:42 2018
myWinSockClose
Tue Aug 21 16:31:42 2018
setControlStat
Tue Aug 21 16:31:42 2018
myDestoryMsg
Tue Aug 21 16:46:51 2018
myLoadlibrary
Tue Aug 21 16:46:51 2018
myGetSysInfo
Tue Aug 21 16:46:51 2018
drawControl
Tue Aug 21 16:46:51 2018
dealWithCEPI
Tue Aug 21 16:46:51 2018
dealWithCEPI
Tue Aug 21 16:46:51 2018
initControl
Tue Aug 21 16:46:51 2018
myPaintMsg
Tue Aug 21 16:46:52 2018
dealWithCCWI
Tue Aug 21 16:46:52 2018
dealWithCCWI
Tue Aug 21 16:46:52 2018
dealWithCCWI
Tue Aug 21 16:46:52 2018
dealWithCCWI
Tue Aug 21 16:46:52 2018
dealWithCCWI
Tue Aug 21 16:47:25 2018
dealWithCCWI
Tue Aug 21 16:47:25 2018
dealWithCCWI
Tue Aug 21 16:47:25 2018
myWinSockStartup
Tue Aug 21 16:47:28 2018
myWinSockAccept
Tue Aug 21 16:47:28 2018
setControlStat
Tue Aug 21 16:47:34 2018
myDragFile
Tue Aug 21 16:48:55 2018
myWinSockClose
Tue Aug 21 16:48:55 2018
setControlStat
Tue Aug 21 16:48:55 2018
myWinSockClose
Tue Aug 21 16:48:55 2018
setControlStat
Tue Aug 21 16:48:55 2018
dealWithCBCL
Tue Aug 21 16:48:56 2018
myWinSockClose
Tue Aug 21 16:48:56 2018
setControlStat
Tue Aug 21 16:48:56 2018
myWinSockClose
Tue Aug 21 16:48:56 2018
setControlStat
Tue Aug 21 16:48:56 2018
myDestoryMsg
Tue Aug 21 18:55:40 2018
myLoadlibrary
Tue Aug 21 18:55:40 2018
myGetSysInfo
Tue Aug 21 18:55:40 2018
drawControl
Tue Aug 21 18:55:40 2018
dealWithCEPI
Tue Aug 21 18:55:40 2018
dealWithCEPI
Tue Aug 21 18:55:40 2018
initControl
Tue Aug 21 18:55:40 2018
myPaintMsg
Tue Aug 21 18:55:41 2018
dealWithCCWI
Tue Aug 21 18:55:41 2018
dealWithCCWI
Tue Aug 21 18:55:43 2018
dealWithCCWI
Tue Aug 21 18:55:43 2018
dealWithCCWI
Tue Aug 21 18:55:43 2018
dealWithCCWI
Tue Aug 21 18:56:36 2018
dealWithCCWI
Tue Aug 21 18:56:36 2018
dealWithCCWI
Tue Aug 21 18:56:36 2018
myWinSockStartup
Tue Aug 21 18:56:40 2018
myWinSockAccept
Tue Aug 21 18:56:40 2018
setControlStat
Tue Aug 21 18:56:48 2018
myWinSockSend
Tue Aug 21 18:56:48 2018
myWinSockSend
Tue Aug 21 18:56:48 2018
send finish
Tue Aug 21 18:56:48 2018
myDragFile
Tue Aug 21 18:57:09 2018
myWinSockClose
Tue Aug 21 18:57:09 2018
setControlStat
Tue Aug 21 18:57:09 2018
myWinSockClose
Tue Aug 21 18:57:09 2018
setControlStat
Tue Aug 21 18:57:09 2018
dealWithCBCL
Tue Aug 21 18:57:09 2018
myWinSockClose
Tue Aug 21 18:57:09 2018
setControlStat
Tue Aug 21 18:57:09 2018
myWinSockClose
Tue Aug 21 18:57:09 2018
setControlStat
Tue Aug 21 18:57:09 2018
myDestoryMsg
Tue Aug 21 18:57:36 2018
myLoadlibrary
Tue Aug 21 18:57:36 2018
myGetSysInfo
Tue Aug 21 18:57:36 2018
drawControl
Tue Aug 21 18:57:36 2018
dealWithCEPI
Tue Aug 21 18:57:36 2018
dealWithCEPI
Tue Aug 21 18:57:36 2018
initControl
Tue Aug 21 18:57:36 2018
myPaintMsg
Tue Aug 21 18:57:37 2018
dealWithCCWI
Tue Aug 21 18:57:37 2018
dealWithCCWI
Tue Aug 21 18:57:37 2018
dealWithCCWI
Tue Aug 21 18:57:37 2018
dealWithCCWI
Tue Aug 21 18:57:37 2018
dealWithCCWI
Tue Aug 21 18:57:57 2018
dealWithCCWI
Tue Aug 21 18:57:57 2018
dealWithCCWI
Tue Aug 21 18:57:57 2018
myWinSockStartup
Tue Aug 21 18:57:59 2018
myWinSockAccept
Tue Aug 21 18:57:59 2018
setControlStat
Tue Aug 21 18:58:05 2018
myWinSockSend
Tue Aug 21 18:58:05 2018
myWinSockSend
Tue Aug 21 18:58:05 2018
send finish
Tue Aug 21 18:58:05 2018
myDragFile
Tue Aug 21 18:58:27 2018
myWinSockClose
Tue Aug 21 18:58:27 2018
setControlStat
Tue Aug 21 18:58:27 2018
myWinSockClose
Tue Aug 21 18:58:27 2018
setControlStat
Tue Aug 21 18:58:27 2018
myDestoryMsg
Tue Aug 21 18:59:38 2018
myLoadlibrary
Tue Aug 21 18:59:38 2018
myGetSysInfo
Tue Aug 21 18:59:38 2018
drawControl
Tue Aug 21 18:59:38 2018
dealWithCEPI
Tue Aug 21 18:59:38 2018
dealWithCEPI
Tue Aug 21 18:59:38 2018
initControl
Tue Aug 21 18:59:38 2018
myPaintMsg
Tue Aug 21 18:59:40 2018
dealWithCCWI
Tue Aug 21 18:59:40 2018
dealWithCCWI
Tue Aug 21 18:59:41 2018
dealWithCCWI
Tue Aug 21 18:59:41 2018
dealWithCCWI
Tue Aug 21 18:59:41 2018
dealWithCCWI
Tue Aug 21 19:00:10 2018
dealWithCCWI
Tue Aug 21 19:00:10 2018
dealWithCCWI
Tue Aug 21 19:00:10 2018
myWinSockStartup
Tue Aug 21 19:00:11 2018
myWinSockAccept
Tue Aug 21 19:00:11 2018
setControlStat
Tue Aug 21 19:00:51 2018
myWinSockClose
Tue Aug 21 19:00:51 2018
setControlStat
Tue Aug 21 19:00:51 2018
myWinSockClose
Tue Aug 21 19:00:51 2018
setControlStat
Tue Aug 21 19:00:51 2018
dealWithCBCL
Tue Aug 21 19:00:52 2018
myWinSockClose
Tue Aug 21 19:00:52 2018
setControlStat
Tue Aug 21 19:00:52 2018
myWinSockClose
Tue Aug 21 19:00:52 2018
setControlStat
Tue Aug 21 19:00:52 2018
myDestoryMsg
Tue Aug 21 19:00:53 2018
myLoadlibrary
Tue Aug 21 19:00:53 2018
myGetSysInfo
Tue Aug 21 19:00:53 2018
drawControl
Tue Aug 21 19:00:53 2018
dealWithCEPI
Tue Aug 21 19:00:53 2018
dealWithCEPI
Tue Aug 21 19:00:53 2018
initControl
Tue Aug 21 19:00:53 2018
myPaintMsg
Tue Aug 21 19:00:55 2018
dealWithCCWI
Tue Aug 21 19:00:55 2018
dealWithCCWI
Tue Aug 21 19:00:56 2018
dealWithCCWI
Tue Aug 21 19:00:56 2018
dealWithCCWI
Tue Aug 21 19:00:56 2018
dealWithCCWI
Tue Aug 21 19:00:57 2018
dealWithCCWI
Tue Aug 21 19:00:57 2018
dealWithCCWI
Tue Aug 21 19:00:57 2018
myWinSockStartup
Tue Aug 21 19:00:58 2018
myWinSockAccept
Tue Aug 21 19:00:58 2018
setControlStat
Tue Aug 21 19:01:01 2018
myWinSockSend
Tue Aug 21 19:01:01 2018
myWinSockSend
Tue Aug 21 19:01:01 2018
send finish
Tue Aug 21 19:01:01 2018
myDragFile
Tue Aug 21 19:01:27 2018
myWinSockClose
Tue Aug 21 19:01:27 2018
setControlStat
Tue Aug 21 19:01:27 2018
myWinSockClose
Tue Aug 21 19:01:27 2018
setControlStat
Tue Aug 21 19:01:27 2018
myDestoryMsg
Tue Aug 21 19:26:39 2018
myLoadlibrary
Tue Aug 21 19:26:39 2018
myGetSysInfo
Tue Aug 21 19:26:39 2018
drawControl
Tue Aug 21 19:26:39 2018
dealWithCEPI
Tue Aug 21 19:26:39 2018
dealWithCEPI
Tue Aug 21 19:26:39 2018
initControl
Tue Aug 21 19:26:39 2018
myPaintMsg
Tue Aug 21 19:26:40 2018
dealWithCCWI
Tue Aug 21 19:26:40 2018
dealWithCCWI
Tue Aug 21 19:26:41 2018
dealWithCCWI
Tue Aug 21 19:26:41 2018
dealWithCCWI
Tue Aug 21 19:26:41 2018
dealWithCCWI
Tue Aug 21 19:27:14 2018
dealWithCCWI
Tue Aug 21 19:27:14 2018
dealWithCCWI
Tue Aug 21 19:27:14 2018
myWinSockStartup
Tue Aug 21 19:27:14 2018
myWinSockAccept
Tue Aug 21 19:27:14 2018
setControlStat
Tue Aug 21 19:27:24 2018
send finish
Tue Aug 21 19:27:24 2018
myDragFile
Tue Aug 21 19:27:24 2018
myPaintMsg
Tue Aug 21 19:28:46 2018
myWinSockClose
Tue Aug 21 19:28:46 2018
setControlStat
Tue Aug 21 19:28:46 2018
myWinSockClose
Tue Aug 21 19:28:46 2018
setControlStat
Tue Aug 21 19:28:46 2018
dealWithCBCL
Tue Aug 21 19:28:48 2018
myWinSockClose
Tue Aug 21 19:28:48 2018
setControlStat
Tue Aug 21 19:28:48 2018
myWinSockClose
Tue Aug 21 19:28:48 2018
setControlStat
Tue Aug 21 19:28:48 2018
myDestoryMsg
Tue Aug 21 19:30:47 2018
myLoadlibrary
Tue Aug 21 19:30:47 2018
myGetSysInfo
Tue Aug 21 19:30:47 2018
drawControl
Tue Aug 21 19:30:47 2018
dealWithCEPI
Tue Aug 21 19:30:47 2018
dealWithCEPI
Tue Aug 21 19:30:47 2018
initControl
Tue Aug 21 19:30:47 2018
myPaintMsg
Tue Aug 21 19:30:48 2018
dealWithCCWI
Tue Aug 21 19:30:48 2018
dealWithCCWI
Tue Aug 21 19:30:49 2018
dealWithCCWI
Tue Aug 21 19:30:49 2018
dealWithCCWI
Tue Aug 21 19:30:49 2018
dealWithCCWI
Tue Aug 21 19:31:06 2018
dealWithCCWI
Tue Aug 21 19:31:06 2018
dealWithCCWI
Tue Aug 21 19:31:06 2018
myWinSockStartup
Tue Aug 21 19:31:07 2018
myWinSockAccept
Tue Aug 21 19:31:07 2018
setControlStat
Tue Aug 21 19:31:16 2018
send finish
Tue Aug 21 19:31:16 2018
myDragFile
Tue Aug 21 19:31:16 2018
myPaintMsg
Tue Aug 21 19:31:45 2018
myWinSockClose
Tue Aug 21 19:31:45 2018
setControlStat
Tue Aug 21 19:31:45 2018
myWinSockClose
Tue Aug 21 19:31:45 2018
setControlStat
Tue Aug 21 19:31:45 2018
dealWithCBCL
Tue Aug 21 19:31:46 2018
myWinSockClose
Tue Aug 21 19:31:46 2018
setControlStat
Tue Aug 21 19:31:46 2018
myWinSockClose
Tue Aug 21 19:31:46 2018
setControlStat
Tue Aug 21 19:31:46 2018
myDestoryMsg
Tue Aug 21 19:32:53 2018
myLoadlibrary
Tue Aug 21 19:32:53 2018
myGetSysInfo
Tue Aug 21 19:32:53 2018
drawControl
Tue Aug 21 19:32:53 2018
dealWithCEPI
Tue Aug 21 19:32:53 2018
dealWithCEPI
Tue Aug 21 19:32:53 2018
initControl
Tue Aug 21 19:32:53 2018
myPaintMsg
Tue Aug 21 19:32:54 2018
dealWithCCWI
Tue Aug 21 19:32:54 2018
dealWithCCWI
Tue Aug 21 19:32:55 2018
dealWithCCWI
Tue Aug 21 19:32:55 2018
dealWithCCWI
Tue Aug 21 19:32:55 2018
dealWithCCWI
Tue Aug 21 19:33:17 2018
dealWithCCWI
Tue Aug 21 19:33:17 2018
dealWithCCWI
Tue Aug 21 19:33:17 2018
myWinSockStartup
Tue Aug 21 19:33:18 2018
myWinSockAccept
Tue Aug 21 19:33:18 2018
setControlStat
Tue Aug 21 19:33:26 2018
send finish
Tue Aug 21 19:33:26 2018
myDragFile
Tue Aug 21 19:33:26 2018
myPaintMsg
Tue Aug 21 19:33:36 2018
myWinSockClose
Tue Aug 21 19:33:36 2018
setControlStat
Tue Aug 21 19:33:36 2018
myWinSockClose
Tue Aug 21 19:33:36 2018
setControlStat
Tue Aug 21 19:33:36 2018
dealWithCBCL
Tue Aug 21 19:34:04 2018
myWinSockClose
Tue Aug 21 19:34:04 2018
setControlStat
Tue Aug 21 19:34:04 2018
myWinSockClose
Tue Aug 21 19:34:04 2018
setControlStat
Tue Aug 21 19:34:04 2018
myDestoryMsg
Tue Aug 21 19:40:22 2018
myLoadlibrary
Tue Aug 21 19:40:22 2018
myGetSysInfo
Tue Aug 21 19:40:22 2018
drawControl
Tue Aug 21 19:40:22 2018
dealWithCEPI
Tue Aug 21 19:40:22 2018
dealWithCEPI
Tue Aug 21 19:40:22 2018
initControl
Tue Aug 21 19:40:22 2018
myPaintMsg
Tue Aug 21 19:40:23 2018
dealWithCCWI
Tue Aug 21 19:40:23 2018
dealWithCCWI
Tue Aug 21 19:40:26 2018
dealWithCCWI
Tue Aug 21 19:40:26 2018
dealWithCCWI
Tue Aug 21 19:40:26 2018
dealWithCCWI
Tue Aug 21 19:41:00 2018
dealWithCCWI
Tue Aug 21 19:41:00 2018
dealWithCCWI
Tue Aug 21 19:41:00 2018
myWinSockStartup
Tue Aug 21 19:41:01 2018
myWinSockAccept
Tue Aug 21 19:41:01 2018
setControlStat
Tue Aug 21 19:41:10 2018
send finish
Tue Aug 21 19:41:10 2018
myDragFile
Tue Aug 21 19:41:10 2018
myPaintMsg
Tue Aug 21 19:41:37 2018
myWinSockClose
Tue Aug 21 19:41:37 2018
setControlStat
Tue Aug 21 19:41:37 2018
myWinSockClose
Tue Aug 21 19:41:37 2018
setControlStat
Tue Aug 21 19:41:37 2018
dealWithCBCL
Tue Aug 21 19:41:38 2018
myWinSockClose
Tue Aug 21 19:41:38 2018
setControlStat
Tue Aug 21 19:41:38 2018
myWinSockClose
Tue Aug 21 19:41:38 2018
setControlStat
Tue Aug 21 19:41:38 2018
myDestoryMsg
Tue Aug 21 19:45:42 2018
myLoadlibrary
Tue Aug 21 19:45:42 2018
myGetSysInfo
Tue Aug 21 19:45:42 2018
drawControl
Tue Aug 21 19:45:42 2018
dealWithCEPI
Tue Aug 21 19:45:42 2018
dealWithCEPI
Tue Aug 21 19:45:42 2018
initControl
Tue Aug 21 19:45:42 2018
myPaintMsg
Tue Aug 21 19:45:43 2018
dealWithCCWI
Tue Aug 21 19:45:43 2018
dealWithCCWI
Tue Aug 21 19:45:44 2018
dealWithCCWI
Tue Aug 21 19:45:44 2018
dealWithCCWI
Tue Aug 21 19:45:44 2018
dealWithCCWI
Tue Aug 21 19:45:57 2018
dealWithCCWI
Tue Aug 21 19:45:57 2018
dealWithCCWI
Tue Aug 21 19:45:57 2018
myWinSockStartup
Tue Aug 21 19:45:58 2018
myWinSockAccept
Tue Aug 21 19:45:58 2018
setControlStat
Tue Aug 21 19:46:06 2018
send finish
Tue Aug 21 19:46:06 2018
myDragFile
Tue Aug 21 19:46:06 2018
myPaintMsg
Tue Aug 21 19:47:08 2018
myWinSockClose
Tue Aug 21 19:47:08 2018
setControlStat
Tue Aug 21 19:47:08 2018
myWinSockClose
Tue Aug 21 19:47:08 2018
setControlStat
Tue Aug 21 19:47:08 2018
dealWithCBCL
Tue Aug 21 19:47:09 2018
myWinSockClose
Tue Aug 21 19:47:09 2018
setControlStat
Tue Aug 21 19:47:09 2018
myWinSockClose
Tue Aug 21 19:47:09 2018
setControlStat
Tue Aug 21 19:47:09 2018
myDestoryMsg
Tue Aug 21 19:50:33 2018
myLoadlibrary
Tue Aug 21 19:50:33 2018
myGetSysInfo
Tue Aug 21 19:50:33 2018
drawControl
Tue Aug 21 19:50:33 2018
dealWithCEPI
Tue Aug 21 19:50:33 2018
dealWithCEPI
Tue Aug 21 19:50:33 2018
initControl
Tue Aug 21 19:50:33 2018
myPaintMsg
Tue Aug 21 19:50:34 2018
dealWithCCWI
Tue Aug 21 19:50:34 2018
dealWithCCWI
Tue Aug 21 19:50:35 2018
dealWithCCWI
Tue Aug 21 19:50:35 2018
dealWithCCWI
Tue Aug 21 19:50:35 2018
dealWithCCWI
Tue Aug 21 19:50:48 2018
dealWithCCWI
Tue Aug 21 19:50:48 2018
dealWithCCWI
Tue Aug 21 19:50:48 2018
myWinSockStartup
Tue Aug 21 19:50:49 2018
myWinSockAccept
Tue Aug 21 19:50:49 2018
setControlStat
Tue Aug 21 19:50:57 2018
send finish
Tue Aug 21 19:50:57 2018
myDragFile
Tue Aug 21 19:50:57 2018
myPaintMsg
Tue Aug 21 19:52:55 2018
myWinSockClose
Tue Aug 21 19:52:55 2018
setControlStat
Tue Aug 21 19:52:55 2018
myWinSockClose
Tue Aug 21 19:52:55 2018
setControlStat
Tue Aug 21 19:52:55 2018
dealWithCBCL
Tue Aug 21 19:52:56 2018
myWinSockClose
Tue Aug 21 19:52:56 2018
setControlStat
Tue Aug 21 19:52:56 2018
myWinSockClose
Tue Aug 21 19:52:56 2018
setControlStat
Tue Aug 21 19:52:56 2018
myDestoryMsg
Tue Aug 21 19:55:16 2018
myLoadlibrary
Tue Aug 21 19:55:16 2018
myGetSysInfo
Tue Aug 21 19:55:16 2018
drawControl
Tue Aug 21 19:55:16 2018
dealWithCEPI
Tue Aug 21 19:55:16 2018
dealWithCEPI
Tue Aug 21 19:55:16 2018
initControl
Tue Aug 21 19:55:16 2018
myPaintMsg
Tue Aug 21 19:55:18 2018
myLoadlibrary
Tue Aug 21 19:55:18 2018
myGetSysInfo
Tue Aug 21 19:55:18 2018
drawControl
Tue Aug 21 19:55:18 2018
dealWithCEPI
Tue Aug 21 19:55:18 2018
dealWithCEPI
Tue Aug 21 19:55:18 2018
initControl
Tue Aug 21 19:55:18 2018
myPaintMsg
Tue Aug 21 19:55:20 2018
dealWithCCWI
Tue Aug 21 19:55:20 2018
dealWithCCWI
Tue Aug 21 19:55:22 2018
dealWithCCWI
Tue Aug 21 19:55:22 2018
dealWithCCWI
Tue Aug 21 19:55:22 2018
dealWithCCWI
Tue Aug 21 19:55:23 2018
dealWithCCWI
Tue Aug 21 19:55:23 2018
dealWithCCWI
Tue Aug 21 19:55:23 2018
dealWithCCWI
Tue Aug 21 19:55:23 2018
dealWithCCWI
Tue Aug 21 19:55:24 2018
dealWithCCWI
Tue Aug 21 19:55:24 2018
dealWithCCWI
Tue Aug 21 19:55:24 2018
dealWithCCWI
Tue Aug 21 19:55:25 2018
dealWithCCWI
Tue Aug 21 19:55:25 2018
dealWithCCWI
Tue Aug 21 19:55:25 2018
myWinSockStartup
Tue Aug 21 19:55:26 2018
myWinSockStartup
Tue Aug 21 19:55:26 2018
myWinSockConnect
Tue Aug 21 19:55:26 2018
myWinSockAccept
Tue Aug 21 19:55:26 2018
setControlStat
Tue Aug 21 19:55:26 2018
setControlStat
Tue Aug 21 19:55:32 2018
myPaintMsg
Tue Aug 21 19:55:38 2018
send finish
Tue Aug 21 19:55:38 2018
myDragFile
Tue Aug 21 19:55:38 2018
myPaintMsg
Tue Aug 21 19:55:57 2018
myWinSockClose
Tue Aug 21 19:55:57 2018
setControlStat
Tue Aug 21 19:55:57 2018
dealWithCBCL
Tue Aug 21 19:55:58 2018
myWinSockClose
Tue Aug 21 19:55:58 2018
setControlStat
Tue Aug 21 19:55:58 2018
myWinSockClose
Tue Aug 21 19:55:58 2018
setControlStat
Tue Aug 21 19:55:58 2018
dealWithCBCL
Tue Aug 21 19:56:19 2018
myWinSockStartup
Tue Aug 21 19:56:20 2018
myWinSockStartup
Tue Aug 21 19:56:20 2018
myWinSockConnect
Tue Aug 21 19:56:20 2018
myWinSockAccept
Tue Aug 21 19:56:20 2018
setControlStat
Tue Aug 21 19:56:20 2018
setControlStat
Tue Aug 21 19:56:24 2018
myPaintMsg
Tue Aug 21 19:56:30 2018
send finish
Tue Aug 21 19:56:30 2018
myDragFile
Tue Aug 21 19:56:30 2018
myPaintMsg
Tue Aug 21 19:57:05 2018
myWinSockClose
Tue Aug 21 19:57:05 2018
setControlStat
Tue Aug 21 19:57:05 2018
dealWithCBCL
Tue Aug 21 19:57:06 2018
myWinSockClose
Tue Aug 21 19:57:06 2018
setControlStat
Tue Aug 21 19:57:06 2018
myWinSockClose
Tue Aug 21 19:57:06 2018
setControlStat
Tue Aug 21 19:57:06 2018
dealWithCBCL
Tue Aug 21 19:57:09 2018
myWinSockClose
Tue Aug 21 19:57:09 2018
setControlStat
Tue Aug 21 19:57:09 2018
myWinSockClose
Tue Aug 21 19:57:09 2018
setControlStat
Tue Aug 21 19:57:09 2018
myDestoryMsg
Tue Aug 21 19:57:10 2018
myWinSockClose
Tue Aug 21 19:57:10 2018
setControlStat
Tue Aug 21 19:57:10 2018
myDestoryMsg
Tue Aug 21 19:57:11 2018
myLoadlibrary
Tue Aug 21 19:57:11 2018
myGetSysInfo
Tue Aug 21 19:57:11 2018
drawControl
Tue Aug 21 19:57:11 2018
dealWithCEPI
Tue Aug 21 19:57:11 2018
dealWithCEPI
Tue Aug 21 19:57:11 2018
initControl
Tue Aug 21 19:57:11 2018
myPaintMsg
Tue Aug 21 19:57:13 2018
dealWithCCWI
Tue Aug 21 19:57:13 2018
dealWithCCWI
Tue Aug 21 19:57:14 2018
dealWithCCWI
Tue Aug 21 19:57:14 2018
dealWithCCWI
Tue Aug 21 19:57:14 2018
dealWithCCWI
Tue Aug 21 19:57:44 2018
dealWithCCWI
Tue Aug 21 19:57:44 2018
dealWithCCWI
Tue Aug 21 19:57:44 2018
myWinSockStartup
Tue Aug 21 19:57:45 2018
myWinSockAccept
Tue Aug 21 19:57:45 2018
setControlStat
Tue Aug 21 19:57:53 2018
send finish
Tue Aug 21 19:57:53 2018
myDragFile
Tue Aug 21 19:57:53 2018
myPaintMsg
Tue Aug 21 19:58:11 2018
myWinSockClose
Tue Aug 21 19:58:11 2018
setControlStat
Tue Aug 21 19:58:11 2018
myWinSockClose
Tue Aug 21 19:58:11 2018
setControlStat
Tue Aug 21 19:58:11 2018
dealWithCBCL
Tue Aug 21 19:58:44 2018
myWinSockClose
Tue Aug 21 19:58:44 2018
setControlStat
Tue Aug 21 19:58:44 2018
myWinSockClose
Tue Aug 21 19:58:44 2018
setControlStat
Tue Aug 21 19:58:44 2018
myDestoryMsg
Tue Aug 21 20:09:06 2018
myLoadlibrary
Tue Aug 21 20:09:06 2018
myGetSysInfo
Tue Aug 21 20:09:06 2018
drawControl
Tue Aug 21 20:09:06 2018
dealWithCEPI
Tue Aug 21 20:09:06 2018
dealWithCEPI
Tue Aug 21 20:09:06 2018
initControl
Tue Aug 21 20:09:06 2018
myPaintMsg
Tue Aug 21 20:09:07 2018
dealWithCCWI
Tue Aug 21 20:09:07 2018
dealWithCCWI
Tue Aug 21 20:09:08 2018
dealWithCCWI
Tue Aug 21 20:09:08 2018
dealWithCCWI
Tue Aug 21 20:09:08 2018
dealWithCCWI
Tue Aug 21 20:09:42 2018
dealWithCCWI
Tue Aug 21 20:09:42 2018
dealWithCCWI
Tue Aug 21 20:09:42 2018
myWinSockStartup
Tue Aug 21 20:09:43 2018
myWinSockAccept
Tue Aug 21 20:09:43 2018
setControlStat
Tue Aug 21 20:09:52 2018
send finish
Tue Aug 21 20:09:52 2018
myDragFile
Tue Aug 21 20:09:52 2018
myPaintMsg
Tue Aug 21 20:10:33 2018
myWinSockClose
Tue Aug 21 20:10:33 2018
setControlStat
Tue Aug 21 20:10:33 2018
myWinSockClose
Tue Aug 21 20:10:33 2018
setControlStat
Tue Aug 21 20:10:33 2018
dealWithCBCL
Tue Aug 21 20:10:34 2018
myWinSockClose
Tue Aug 21 20:10:34 2018
setControlStat
Tue Aug 21 20:10:34 2018
myWinSockClose
Tue Aug 21 20:10:34 2018
setControlStat
Tue Aug 21 20:10:34 2018
myDestoryMsg
Tue Aug 21 20:11:11 2018
myLoadlibrary
Tue Aug 21 20:11:11 2018
myGetSysInfo
Tue Aug 21 20:11:11 2018
drawControl
Tue Aug 21 20:11:11 2018
dealWithCEPI
Tue Aug 21 20:11:11 2018
dealWithCEPI
Tue Aug 21 20:11:11 2018
initControl
Tue Aug 21 20:11:11 2018
myPaintMsg
Tue Aug 21 20:11:12 2018
dealWithCCWI
Tue Aug 21 20:11:12 2018
dealWithCCWI
Tue Aug 21 20:11:13 2018
dealWithCCWI
Tue Aug 21 20:11:13 2018
dealWithCCWI
Tue Aug 21 20:11:13 2018
dealWithCCWI
Tue Aug 21 20:11:38 2018
dealWithCCWI
Tue Aug 21 20:11:38 2018
dealWithCCWI
Tue Aug 21 20:11:38 2018
myWinSockStartup
Tue Aug 21 20:11:38 2018
myWinSockAccept
Tue Aug 21 20:11:38 2018
setControlStat
Tue Aug 21 20:11:48 2018
send finish
Tue Aug 21 20:11:48 2018
myDragFile
Tue Aug 21 20:11:48 2018
myPaintMsg
Tue Aug 21 20:12:19 2018
myWinSockClose
Tue Aug 21 20:12:19 2018
setControlStat
Tue Aug 21 20:12:19 2018
myWinSockClose
Tue Aug 21 20:12:19 2018
setControlStat
Tue Aug 21 20:12:19 2018
dealWithCBCL
Tue Aug 21 20:12:20 2018
myWinSockClose
Tue Aug 21 20:12:20 2018
setControlStat
Tue Aug 21 20:12:20 2018
myWinSockClose
Tue Aug 21 20:12:20 2018
setControlStat
Tue Aug 21 20:12:20 2018
myDestoryMsg
Tue Aug 21 20:21:00 2018
myLoadlibrary
Tue Aug 21 20:21:00 2018
myGetSysInfo
Tue Aug 21 20:21:00 2018
drawControl
Tue Aug 21 20:21:00 2018
dealWithCEPI
Tue Aug 21 20:21:00 2018
dealWithCEPI
Tue Aug 21 20:21:00 2018
initControl
Tue Aug 21 20:21:00 2018
myPaintMsg
Tue Aug 21 20:21:01 2018
dealWithCCWI
Tue Aug 21 20:21:02 2018
dealWithCCWI
Tue Aug 21 20:21:03 2018
dealWithCCWI
Tue Aug 21 20:21:03 2018
dealWithCCWI
Tue Aug 21 20:21:03 2018
dealWithCCWI
Tue Aug 21 20:21:04 2018
dealWithCCWI
Tue Aug 21 20:21:04 2018
dealWithCCWI
Tue Aug 21 20:21:04 2018
dealWithCCWI
Tue Aug 21 20:21:04 2018
dealWithCCWI
Tue Aug 21 20:21:06 2018
dealWithCCWI
Tue Aug 21 20:21:06 2018
dealWithCCWI
Tue Aug 21 20:21:37 2018
myWinSockStartup
Tue Aug 21 20:21:38 2018
myWinSockAccept
Tue Aug 21 20:21:38 2018
setControlStat
Tue Aug 21 20:21:45 2018
send finish
Tue Aug 21 20:21:45 2018
myDragFile
Tue Aug 21 20:21:45 2018
myPaintMsg
Tue Aug 21 20:22:07 2018
myWinSockClose
Tue Aug 21 20:22:07 2018
setControlStat
Tue Aug 21 20:22:07 2018
myWinSockClose
Tue Aug 21 20:22:07 2018
setControlStat
Tue Aug 21 20:22:07 2018
dealWithCBCL
Tue Aug 21 20:22:37 2018
myWinSockClose
Tue Aug 21 20:22:37 2018
setControlStat
Tue Aug 21 20:22:37 2018
myWinSockClose
Tue Aug 21 20:22:37 2018
setControlStat
Tue Aug 21 20:22:37 2018
myDestoryMsg
Tue Aug 21 20:26:04 2018
myLoadlibrary
Tue Aug 21 20:26:04 2018
myGetSysInfo
Tue Aug 21 20:26:04 2018
drawControl
Tue Aug 21 20:26:04 2018
dealWithCEPI
Tue Aug 21 20:26:04 2018
dealWithCEPI
Tue Aug 21 20:26:04 2018
initControl
Tue Aug 21 20:26:04 2018
myPaintMsg
Tue Aug 21 20:26:05 2018
dealWithCCWI
Tue Aug 21 20:26:05 2018
dealWithCCWI
Tue Aug 21 20:26:06 2018
dealWithCCWI
Tue Aug 21 20:26:06 2018
dealWithCCWI
Tue Aug 21 20:26:06 2018
dealWithCCWI
Tue Aug 21 20:26:32 2018
dealWithCCWI
Tue Aug 21 20:26:32 2018
dealWithCCWI
Tue Aug 21 20:26:32 2018
myWinSockStartup
Tue Aug 21 20:26:32 2018
myWinSockAccept
Tue Aug 21 20:26:33 2018
setControlStat
Tue Aug 21 20:26:41 2018
send finish
Tue Aug 21 20:26:41 2018
myDragFile
Tue Aug 21 20:26:41 2018
myPaintMsg
Tue Aug 21 20:31:22 2018
myWinSockClose
Tue Aug 21 20:31:22 2018
setControlStat
Tue Aug 21 20:31:22 2018
myWinSockClose
Tue Aug 21 20:31:22 2018
setControlStat
Tue Aug 21 20:31:22 2018
dealWithCBCL
Tue Aug 21 20:31:23 2018
myWinSockClose
Tue Aug 21 20:31:23 2018
setControlStat
Tue Aug 21 20:31:23 2018
myWinSockClose
Tue Aug 21 20:31:23 2018
setControlStat
Tue Aug 21 20:31:23 2018
myDestoryMsg
Tue Aug 21 20:31:50 2018
myLoadlibrary
Tue Aug 21 20:31:50 2018
myGetSysInfo
Tue Aug 21 20:31:50 2018
drawControl
Tue Aug 21 20:31:50 2018
dealWithCEPI
Tue Aug 21 20:31:50 2018
dealWithCEPI
Tue Aug 21 20:31:50 2018
initControl
Tue Aug 21 20:31:50 2018
myPaintMsg
Tue Aug 21 20:31:55 2018
dealWithCCWI
Tue Aug 21 20:31:55 2018
dealWithCCWI
Tue Aug 21 20:31:56 2018
dealWithCCWI
Tue Aug 21 20:31:56 2018
dealWithCCWI
Tue Aug 21 20:31:56 2018
dealWithCCWI
Tue Aug 21 20:32:07 2018
dealWithCCWI
Tue Aug 21 20:32:07 2018
dealWithCCWI
Tue Aug 21 20:32:09 2018
myPaintMsg
Tue Aug 21 20:32:25 2018
myWinSockStartup
Tue Aug 21 20:32:25 2018
myWinSockConnect
Tue Aug 21 20:32:25 2018
setControlStat
Tue Aug 21 20:32:28 2018
create success!
Tue Aug 21 20:32:28 2018
62
Tue Aug 21 20:32:34 2018
recv finish!
Tue Aug 21 20:32:34 2018
myPaintMsg
Tue Aug 21 20:34:08 2018
myWinSockClose
Tue Aug 21 20:34:08 2018
setControlStat
Tue Aug 21 20:34:08 2018
dealWithCBCL
Tue Aug 21 20:34:14 2018
myWinSockClose
Tue Aug 21 20:34:14 2018
setControlStat
Tue Aug 21 20:34:14 2018
myDestoryMsg
Tue Aug 21 20:37:46 2018
myLoadlibrary
Tue Aug 21 20:37:46 2018
myGetSysInfo
Tue Aug 21 20:37:46 2018
drawControl
Tue Aug 21 20:37:46 2018
dealWithCEPI
Tue Aug 21 20:37:46 2018
dealWithCEPI
Tue Aug 21 20:37:46 2018
initControl
Tue Aug 21 20:37:46 2018
myPaintMsg
Tue Aug 21 20:37:50 2018
dealWithCCWI
Tue Aug 21 20:37:50 2018
dealWithCCWI
Tue Aug 21 20:37:51 2018
dealWithCCWI
Tue Aug 21 20:37:51 2018
dealWithCCWI
Tue Aug 21 20:37:51 2018
dealWithCCWI
Tue Aug 21 20:37:51 2018
dealWithCCWI
Tue Aug 21 20:37:51 2018
dealWithCCWI
Tue Aug 21 20:37:53 2018
myWinSockStartup
Tue Aug 21 20:37:53 2018
myWinSockConnect
Tue Aug 21 20:37:53 2018
setControlStat
Tue Aug 21 20:37:59 2018
myPaintMsg
Tue Aug 21 20:38:03 2018
myWinSockClose
Tue Aug 21 20:38:03 2018
setControlStat
Tue Aug 21 20:38:03 2018
dealWithCBCL
Tue Aug 21 20:38:18 2018
myWinSockStartup
Tue Aug 21 20:38:18 2018
myWinSockConnect
Tue Aug 21 20:38:18 2018
setControlStat
Tue Aug 21 20:38:21 2018
create success!
Tue Aug 21 20:38:21 2018
62
Tue Aug 21 20:38:21 2018
recv finish!
Tue Aug 21 20:38:48 2018
myWinSockClose
Tue Aug 21 20:38:48 2018
setControlStat
Tue Aug 21 20:38:48 2018
dealWithCBCL
Tue Aug 21 20:38:50 2018
myWinSockClose
Tue Aug 21 20:38:50 2018
setControlStat
Tue Aug 21 20:38:50 2018
myDestoryMsg
