Mon Aug 20 17:56:13 2018
hi im server!
Tue Aug 21 18:56:48 2018
send size err in sendFile_t!
Tue Aug 21 18:58:05 2018
send size err in sendFile_t!
Tue Aug 21 19:01:01 2018
send size err in sendFile_t!
Tue Aug 21 19:27:18 2018
send size err in sendFile_t!
Tue Aug 21 19:31:10 2018
send size err in sendFile_t!
Tue Aug 21 19:33:21 2018
send size err in sendFile_t!
Tue Aug 21 19:41:04 2018
send size err in sendFile_t!
Tue Aug 21 19:46:01 2018
send size err in sendFile_t!
Tue Aug 21 19:50:57 2018
send size err in sendFile_t!
Tue Aug 21 19:55:32 2018
create file err in recvFile_t!
Tue Aug 21 19:55:33 2018
send size err in sendFile_t!
Tue Aug 21 19:56:24 2018
create file err in recvFile_t!
Tue Aug 21 19:56:24 2018
send size err in sendFile_t!
Tue Aug 21 19:57:48 2018
send size err in sendFile_t!
Tue Aug 21 20:09:46 2018
send size err in sendFile_t!
Tue Aug 21 20:11:43 2018
send size err in sendFile_t!
Tue Aug 21 20:21:40 2018
send size err in sendFile_t!
Tue Aug 21 20:26:36 2018
send size err in sendFile_t!
Tue Aug 21 20:32:34 2018
size err in recvFile!
Tue Aug 21 20:37:59 2018
create file err in recvFile_t!
