---
URL处理完毕
begin time:1531377301, total size:146593, data size:146251
状态码：200
---
URL处理完毕
begin time:1531377507, total size:146593, data size:146251
状态码：200
---
URL处理完毕
begin time:1531379427, total size:410, data size:773
状态码：301
---
URL处理完毕
begin time:1531379536, total size:34006, data size:33665
状态码：200
---
URL处理完毕
begin time:1531383646, total size:941, data size:308
状态码：302
---
URL处理完毕
begin time:1531383813, total size:65598, data size:65106
状态码：200
---
URL处理完毕
begin time:1531710466, total size:263, data size:766
状态码：302
URL:http://www.sjiyou.com/static/assets/js/framework/require.js---
---
URL处理完毕
---
URL处理完毕
---
URL处理完毕
---
URL处理完毕
---
URL处理完毕
---
URL处理完毕
begin time:1532140337, total size:477, data size:871
状态码：400
URL:https://www.cnblogs.com/wolfplan/p/6598583.html---
URL处理完毕
begin time:1532140582, total size:34019, data size:33707
状态码：200
URL:https://www.cnblogs.com/caoheyang911016/p/4110645.html---
URL处理完毕
begin time:1532140753, total size:52502, data size:51666
状态码：200
URL:https://pic002.cnblogs.com/images/2011/270176/2011092909392629.jpg---
---
---
---
begin time:1532312047, total size:52502, data size:51666
状态码：200
URL:https://pic002.cnblogs.com/images/2011/270176/2011092909392629.jpg---
域名转ip完成
begin time:1532314978, total size:52498, data size:51666
状态码：200
URL:https://pic002.cnblogs.com/images/2011/270176/2011092909392629.jpg---
域名转ip完成
begin time:1532315033, total size:52501, data size:51666
状态码：200
URL:https://pic002.cnblogs.com/images/2011/270176/2011092909392629.jpg---
域名转ip完成
begin time:1532315588, total size:85920, data size:85589
状态码：200
URL://common.cnblogs.com/scripts/jquery-2.2.0.min.js---
域名转ip完成
begin time:1532315739, total size:395, data size:807
状态码：301
URL:https://www.csdn.net/---
域名转ip完成
---
域名转ip完成
begin time:1532317133, total size:0, data size:0
状态码：0
URL:https://www.csdn.net/---
域名转ip完成
---
域名转ip完成
begin time:1532317277, total size:0, data size:0
状态码：0
URL:https://www.csdn.net/---
域名转ip完成
begin time:1532327421, total size:395, data size:807
状态码：301
URL:https://www.csdn.net/---
域名转ip完成
begin time:1532329045, total size:395, data size:807
begin time:1532329045, total size:395, data size:807
begin time:1532329045, total size:395, data size:807
begin time:1532329045, total size:395, data size:807
begin time:1532329045, total size:395, data size:807
begin time:1532329045, total size:395, data size:807
状态码：301
URL:https://www.csdn.net/---
域名转ip完成
begin time:1532329161, total size:395, data size:807
begin time:1532329161, total size:395, data size:807
begin time:1532329161, total size:395, data size:807
begin time:1532329161, total size:395, data size:807
begin time:1532329161, total size:395, data size:807
begin time:1532329161, total size:395, data size:807
begin time:1532329161, total size:395, data size:807
begin time:1532329161, total size:395, data size:807
begin time:1532329161, total size:0, data size:807
begin time:1532329161, total size:0, data size:807
begin time:1532329161, total size:0, data size:807
状态码：301
URL:https://www.csdn.net/---
域名转ip完成
begin time:1532329292, total size:395, data size:807
begin time:1532329292, total size:395, data size:807
begin time:1532329292, total size:395, data size:807
begin time:1532329292, total size:395, data size:807
begin time:1532329292, total size:395, data size:807
begin time:1532329292, total size:395, data size:807
begin time:1532329292, total size:395, data size:807
begin time:1532329292, total size:395, data size:807
begin time:1532329292, total size:395, data size:807
begin time:1532329292, total size:395, data size:807
begin time:1532329292, total size:395, data size:807
状态码：301
URL:https://www.csdn.net/---
域名转ip完成
begin time:1532329815, total size:395, data size:807
begin time:1532329815, total size:395, data size:807
begin time:1532329815, total size:395, data size:807
begin time:1532329815, total size:395, data size:807
begin time:1532329815, total size:395, data size:807
begin time:1532329815, total size:395, data size:807
begin time:1532329815, total size:395, data size:807
begin time:1532329815, total size:395, data size:807
begin time:1532329815, total size:395, data size:807
begin time:1532329815, total size:395, data size:807
begin time:1532329815, total size:395, data size:807
begin time:1532329815, total size:395, data size:807
begin time:1532329815, total size:395, data size:807
begin time:1532329815, total size:395, data size:807
begin time:1532329815, total size:395, data size:807
begin time:1532329815, total size:395, data size:807
begin time:1532329815, total size:395, data size:807
begin time:1532329815, total size:395, data size:807
begin time:1532329815, total size:395, data size:807
begin time:1532329815, total size:395, data size:807
begin time:1532329815, total size:395, data size:807
状态码：301
URL:https://www.csdn.net/---
域名转ip完成
begin time:1532331033, total size:395, data size:807
begin time:1532331033, total size:395, data size:807
begin time:1532331033, total size:395, data size:807
begin time:1532331033, total size:395, data size:807
begin time:1532331033, total size:395, data size:807
begin time:1532331033, total size:395, data size:807
begin time:1532331033, total size:395, data size:807
begin time:1532331033, total size:395, data size:807
begin time:1532331033, total size:395, data size:807
begin time:1532331033, total size:395, data size:807
begin time:1532331033, total size:395, data size:807
begin time:1532331033, total size:395, data size:807
begin time:1532331033, total size:395, data size:807
begin time:1532331033, total size:395, data size:807
begin time:1532331033, total size:395, data size:807
begin time:1532331033, total size:395, data size:807
begin time:1532331033, total size:395, data size:807
begin time:1532331033, total size:395, data size:807
begin time:1532331033, total size:395, data size:807
begin time:1532331033, total size:395, data size:807
begin time:1532331033, total size:395, data size:807
状态码：301
URL:https://www.csdn.net/---
域名转ip完成
begin time:1532331328, total size:395, data size:807
begin time:1532331328, total size:395, data size:807
begin time:1532331328, total size:395, data size:807
begin time:1532331328, total size:395, data size:807
begin time:1532331328, total size:395, data size:807
begin time:1532331328, total size:395, data size:807
状态码：301
URL:https://www.csdn.net/---
域名转ip完成
begin time:1532331475, total size:50874, data size:50545
begin time:1532331475, total size:50874, data size:50545
begin time:1532331475, total size:50874, data size:50545
begin time:1532331475, total size:50873, data size:50545
begin time:1532331475, total size:50873, data size:50545
begin time:1532331475, total size:50873, data size:50545
状态码：200
URL:http://www.sohu.com/a/151740094_164987---
域名转ip完成
begin time:1532331516, total size:50873, data size:50545
状态码：200
URL:http://www.sohu.com/a/151740094_164987---
域名转ip完成
begin time:1532331688, total size:682, data size:342
状态码：302
URL:https://jingyan.baidu.com/article/67508eb431499c9cca1ce4c4.html---
---
---
---
---
域名转ip完成
---
域名转ip完成
---
域名转ip完成
---
域名转ip完成
---
域名转ip完成
---
域名转ip完成
---
域名转ip完成
---
域名转ip完成
---
域名转ip完成
---
域名转ip完成
---
域名转ip完成
---
域名转ip完成
---
域名转ip完成
---
域名转ip完成
---
域名转ip完成
---
域名转ip完成
---
域名转ip完成
---
域名转ip完成
---
域名转ip完成
---
域名转ip完成
---
域名转ip完成
---
域名转ip完成
---
域名转ip完成
---
域名转ip完成
---
域名转ip完成
---
域名转ip完成
---
域名转ip完成
---
域名转ip完成
---
域名转ip完成
---
域名转ip完成
---
域名转ip完成
---
域名转ip完成
---
域名转ip完成
---
域名转ip完成
---
域名转ip完成
---
域名转ip完成
---
域名转ip完成
begin time:1532420002, total size:426, data size:776
begin time:1532420002, total size:426, data size:776
begin time:1532420002, total size:426, data size:776
状态码：301
URL:https://blog.csdn.net/mrpre/article/details/77867439---
域名转ip完成
begin time:1532420049, total size:55552, data size:55211
状态码：200
URL:http://www.cnblogs.com/piyeyong/archive/2010/07/02/1770208.html---
域名转ip完成
begin time:1532512098, total size:428, data size:860
状态码：400
URL:https://www.csdn.net/---
域名转ip完成
begin time:1532512125, total size:395, data size:807
---
域名转ip完成
begin time:1532512146, total size:405, data size:797
begin time:1532512146, total size:405, data size:797
begin time:1532512146, total size:405, data size:797
状态码：301
URL:https://www.csdn.net/index.html---
域名转ip完成
begin time:1532512248, total size:34048, data size:33707
状态码：200
URL:https://www.cnblogs.com/caoheyang911016/p/4110645.html---
---
域名转ip完成
---
域名转ip完成
begin time:1532588974, total size:34048, data size:33707
状态码：200
URL:https://www.cnblogs.com/caoheyang911016/p/4110645.html---
域名转ip完成
begin time:1532589135, total size:643, data size:807
状态码：200
URL:http://www.cnblogs.com/caoheyang911016/rsd.xml---
域名转ip完成
begin time:1532590415, total size:643, data size:426
状态码：200
URL:http://www.cnblogs.com/caoheyang911016/rsd.xml
---
域名转ip完成
---
域名转ip完成
---
域名转ip完成
---
域名转ip完成
---
域名转ip完成
---
域名转ip完成
---
域名转ip完成
---
域名转ip完成
---
域名转ip完成
---
域名转ip完成
begin time:1533173294, total size:55552, data size:55211
状态码：200
URL:http://www.cnblogs.com/piyeyong/archive/2010/07/02/1770208.html
---
域名转ip完成
begin time:1533173515, total size:13430, data size:12601
状态码：200
URL:https://pic002.cnblogs.com/img/piyeyong/201007/2010070220001133.png
---
域名转ip完成
begin time:1533173567, total size:448, data size:168
状态码：302
URL:http://www.cnblogs.com/piyeyong/rss
---
域名转ip完成
begin time:1533173679, total size:175198, data size:174858
状态码：200
URL:http://feed.cnblogs.com/blog/u/71194/rss
---
域名转ip完成
begin time:1533190370, total size:175198, data size:174858
状态码：200
URL:http://feed.cnblogs.com/blog/u/71194/rss
---
---
---
---
---
---
---
---
---
---
---
---
域名转ip完成
---
域名转ip完成
begin time:1533785101, total size:56720, data size:56276
状态码：200
URL:http://www.ruanyifeng.com/blog/clipboard/
---
域名转ip完成
---
域名转ip完成
0101010101010101010101010101
begin time:1533795745, total size:64560, data size:64116
状态码：200
URL:http://www.ruanyifeng.com/blog/2018/04/weekly-issue-2.html
---
域名转ip完成
00508001533b0000000000000000
begin time:1533796231, total size:64558, data size:64116
状态码：200
URL:http://www.ruanyifeng.com/blog/2018/04/weekly-issue-2.html
---
域名转ip完成
ip:128.1.83.59
begin time:1533797299, total size:64560, data size:64116
状态码：200
URL:http://www.ruanyifeng.com/blog/2018/04/weekly-issue-2.html
---
域名转ip完成
ip:128.1.83.59
recv err:10060
---
域名转ip完成
ip:128.1.83.59
begin time:1533797608, total size:18876, data size:18434
状态码：200
URL:http://www.ruanyifeng.com/blog/2018/04/weekly-issue-2.html
---
域名转ip完成
ip:128.1.83.59
begin time:1533797729, total size:64558, data size:64116
状态码：200
URL:http://www.ruanyifeng.com/blog/2018/04/weekly-issue-2.html
