Tue Aug 21 14:29:18 2018
myLoadlibrary
Tue Aug 21 14:29:18 2018
myGetSysInfo
Tue Aug 21 14:29:18 2018
drawControl
Tue Aug 21 14:29:18 2018
dealWithCEPI
Tue Aug 21 14:29:18 2018
dealWithCEPI
Tue Aug 21 14:29:18 2018
initControl
Tue Aug 21 14:29:18 2018
myPaintMsg
Tue Aug 21 14:29:21 2018
myWinSockClose
Tue Aug 21 14:29:21 2018
setControlStat
Tue Aug 21 14:29:21 2018
myWinSockClose
Tue Aug 21 14:29:21 2018
setControlStat
Tue Aug 21 14:29:21 2018
myDestoryMsg
Tue Aug 21 20:31:43 2018
myLoadlibrary
Tue Aug 21 20:31:43 2018
myGetSysInfo
Tue Aug 21 20:31:43 2018
drawControl
Tue Aug 21 20:31:43 2018
dealWithCEPI
Tue Aug 21 20:31:43 2018
dealWithCEPI
Tue Aug 21 20:31:43 2018
initControl
Tue Aug 21 20:31:43 2018
myPaintMsg
Tue Aug 21 20:31:54 2018
dealWithCCWI
Tue Aug 21 20:31:54 2018
dealWithCCWI
Tue Aug 21 20:31:54 2018
dealWithCCWI
Tue Aug 21 20:31:54 2018
dealWithCCWI
Tue Aug 21 20:31:54 2018
dealWithCCWI
Tue Aug 21 20:31:55 2018
dealWithCCWI
Tue Aug 21 20:31:55 2018
dealWithCCWI
Tue Aug 21 20:32:09 2018
myPaintMsg
Tue Aug 21 20:32:24 2018
myWinSockStartup
Tue Aug 21 20:32:25 2018
myWinSockAccept
Tue Aug 21 20:32:25 2018
setControlStat
Tue Aug 21 20:32:34 2018
send finish
Tue Aug 21 20:32:34 2018
myDragFile
Tue Aug 21 20:34:08 2018
myWinSockClose
Tue Aug 21 20:34:08 2018
setControlStat
Tue Aug 21 20:34:08 2018
myWinSockClose
Tue Aug 21 20:34:08 2018
setControlStat
Tue Aug 21 20:34:08 2018
dealWithCBCL
Tue Aug 21 20:34:12 2018
myWinSockClose
Tue Aug 21 20:34:12 2018
setControlStat
Tue Aug 21 20:34:12 2018
myWinSockClose
Tue Aug 21 20:34:12 2018
setControlStat
Tue Aug 21 20:34:12 2018
myDestoryMsg
Tue Aug 21 20:37:36 2018
myLoadlibrary
Tue Aug 21 20:37:36 2018
myGetSysInfo
Tue Aug 21 20:37:36 2018
drawControl
Tue Aug 21 20:37:36 2018
dealWithCEPI
Tue Aug 21 20:37:36 2018
dealWithCEPI
Tue Aug 21 20:37:36 2018
initControl
Tue Aug 21 20:37:36 2018
myPaintMsg
Tue Aug 21 20:37:48 2018
dealWithCCWI
Tue Aug 21 20:37:48 2018
dealWithCCWI
Tue Aug 21 20:37:49 2018
dealWithCCWI
Tue Aug 21 20:37:49 2018
dealWithCCWI
Tue Aug 21 20:37:49 2018
dealWithCCWI
Tue Aug 21 20:37:49 2018
dealWithCCWI
Tue Aug 21 20:37:49 2018
dealWithCCWI
Tue Aug 21 20:37:52 2018
myWinSockStartup
Tue Aug 21 20:37:53 2018
myWinSockAccept
Tue Aug 21 20:37:53 2018
setControlStat
Tue Aug 21 20:37:57 2018
myPaintMsg
Tue Aug 21 20:38:03 2018
myWinSockClose
Tue Aug 21 20:38:03 2018
setControlStat
Tue Aug 21 20:38:03 2018
myWinSockClose
Tue Aug 21 20:38:03 2018
setControlStat
Tue Aug 21 20:38:03 2018
dealWithCBCL
Tue Aug 21 20:38:17 2018
myWinSockStartup
Tue Aug 21 20:38:18 2018
myWinSockAccept
Tue Aug 21 20:38:18 2018
setControlStat
Tue Aug 21 20:38:21 2018
send finish
Tue Aug 21 20:38:21 2018
myDragFile
Tue Aug 21 20:38:48 2018
myWinSockClose
Tue Aug 21 20:38:48 2018
setControlStat
Tue Aug 21 20:38:48 2018
myWinSockClose
Tue Aug 21 20:38:48 2018
setControlStat
Tue Aug 21 20:38:48 2018
dealWithCBCL
Tue Aug 21 20:38:49 2018
myWinSockClose
Tue Aug 21 20:38:49 2018
setControlStat
Tue Aug 21 20:38:49 2018
myWinSockClose
Tue Aug 21 20:38:49 2018
setControlStat
Tue Aug 21 20:38:49 2018
myDestoryMsg
Tue Sep  4 09:10:10 2018
myLoadlibrary
Tue Sep  4 09:10:10 2018
myGetSysInfo
Tue Sep  4 09:10:10 2018
drawControl
Tue Sep  4 09:10:10 2018
initControl
Tue Sep  4 09:10:10 2018
dealWithCEPI
Tue Sep  4 09:10:10 2018
dealWithCEPI
Tue Sep  4 09:10:10 2018
myPaintMsg
Tue Sep  4 09:10:13 2018
myDestoryMsg
Tue Sep  4 09:24:14 2018
myLoadlibrary
Tue Sep  4 09:24:14 2018
myGetSysInfo
Tue Sep  4 09:24:14 2018
drawControl
Tue Sep  4 09:24:14 2018
initControl
Tue Sep  4 09:24:14 2018
dealWithCEPI
Tue Sep  4 09:24:14 2018
dealWithCEPI
Tue Sep  4 09:24:14 2018
myPaintMsg
Tue Sep  4 09:24:25 2018
myDestoryMsg
Tue Sep  4 09:24:38 2018
myLoadlibrary
Tue Sep  4 09:24:38 2018
myGetSysInfo
Tue Sep  4 09:24:38 2018
drawControl
Tue Sep  4 09:24:38 2018
initControl
Tue Sep  4 09:24:38 2018
dealWithCEPI
Tue Sep  4 09:24:38 2018
dealWithCEPI
Tue Sep  4 09:24:38 2018
myPaintMsg
Tue Sep  4 09:24:40 2018
myDestoryMsg
Tue Sep  4 09:28:29 2018
myLoadlibrary
Tue Sep  4 09:28:29 2018
myGetSysInfo
Tue Sep  4 09:28:29 2018
drawControl
Tue Sep  4 09:28:29 2018
initControl
Tue Sep  4 09:28:29 2018
dealWithCEPI
Tue Sep  4 09:28:29 2018
dealWithCEPI
Tue Sep  4 09:28:29 2018
myPaintMsg
Tue Sep  4 09:28:32 2018
myDestoryMsg
Tue Sep  4 09:31:30 2018
myLoadlibrary
Tue Sep  4 09:31:30 2018
myGetSysInfo
Tue Sep  4 09:31:30 2018
drawControl
Tue Sep  4 09:31:30 2018
initControl
Tue Sep  4 09:31:30 2018
dealWithCEPI
Tue Sep  4 09:31:30 2018
dealWithCEPI
Tue Sep  4 09:31:30 2018
myPaintMsg
Tue Sep  4 09:31:36 2018
myDestoryMsg
Tue Sep  4 09:35:01 2018
myLoadlibrary
Tue Sep  4 09:35:01 2018
myGetSysInfo
Tue Sep  4 09:35:01 2018
drawControl
Tue Sep  4 09:35:01 2018
initControl
Tue Sep  4 09:35:01 2018
dealWithCEPI
Tue Sep  4 09:35:01 2018
dealWithCEPI
Tue Sep  4 09:35:01 2018
myPaintMsg
Tue Sep  4 09:35:07 2018
myDestoryMsg
